<?xml version="1.0" encoding="UTF-8"?>
<!-- Generated by org.testng.reporters.JUnitXMLReporter -->
<testsuite ignored="0" hostname="MKOKANE10A" failures="0" tests="9" name="Default test" time="139.624" errors="0" timestamp="2024-08-17T15:39:31 IST">
  <testcase classname="com.app.qa.testcases.UtilitiesPageTest" name="VerifyContainer_Lookup_Utility" time="8.128"/>
  <testcase classname="com.app.qa.testcases.UtilitiesPageTest" name="VerifyExacta_Journal_View_Utility" time="12.856"/>
  <testcase classname="com.app.qa.testcases.UtilitiesPageTest" name="VerifyExacta_Print_Utility_Utility" time="8.716"/>
  <testcase classname="com.app.qa.testcases.UtilitiesPageTest" name="VerifyInterface_Export_Transaction_Utility" time="13.52"/>
  <testcase classname="com.app.qa.testcases.UtilitiesPageTest" name="VerifyInterface_Import_Transaction_Utility" time="8.214"/>
  <testcase classname="com.app.qa.testcases.UtilitiesPageTest" name="VerifyJackpot_Lookup_Utility" time="12.67"/>
  <testcase classname="com.app.qa.testcases.UtilitiesPageTest" name="VerifyReason_Configuration_Utility" time="11.863"/>
  <testcase classname="com.app.qa.testcases.UtilitiesPageTest" name="VerifySort_Code_Configuration_Utility" time="9.833"/>
  <testcase classname="com.app.qa.testcases.UtilitiesPageTest" name="VerifyView_All_Machines_Utility" time="9.296"/>
</testsuite> <!-- Default test -->
