<?xml version="1.0" encoding="UTF-8"?>
<!-- Generated by org.testng.reporters.JUnitXMLReporter -->
<testsuite ignored="1" hostname="MKOKANE10A" failures="0" tests="27" name="Test" time="1221.802" errors="0" timestamp="2024-08-17T18:44:27 IST">
  <testcase classname="com.app.qa.testcases.LoginPageTest" name="loginTest" time="0.438"/>
  <testcase classname="com.app.qa.testcases.LoginPageTest" name="loginpagetitletest" time="0.018"/>
  <testcase classname="com.app.qa.testcases.HomePageTest" name="clickVerifyFavoritesPageLable" time="26.649"/>
  <testcase classname="com.app.qa.testcases.HomePageTest" name="verifyInboundPageLable" time="32.51"/>
  <testcase classname="com.app.qa.testcases.HomePageTest" name="verifyInventoryMaintainancePageLable" time="24.83"/>
  <testcase classname="com.app.qa.testcases.HomePageTest" name="verifyOutboundPageLable" time="29.415"/>
  <testcase classname="com.app.qa.testcases.HomePageTest" name="verifySelfserviceReportingPageLable" time="45.492"/>
  <testcase classname="com.app.qa.testcases.HomePageTest" name="verifyUsersandGroupsPageLable" time="25.079"/>
  <testcase classname="com.app.qa.testcases.HomePageTest" name="verifyUtilitiesPageLable" time="27.129"/>
  <testcase classname="com.app.qa.testcases.HomePageTest" name="verifytitlepageTest" time="0.03"/>
  <testcase classname="com.app.qa.testcases.UtilitiesPageTest" name="VerifyContainer_Lookup_Utility" time="39.079"/>
  <testcase classname="com.app.qa.testcases.UtilitiesPageTest" name="VerifyExacta_Journal_View_Utility" time="45.331"/>
  <testcase classname="com.app.qa.testcases.UtilitiesPageTest" name="VerifyExacta_Print_Utility_Utility" time="32.651"/>
  <testcase classname="com.app.qa.testcases.UtilitiesPageTest" name="VerifyInterface_Export_Transaction_Utility" time="35.932"/>
  <testcase classname="com.app.qa.testcases.UtilitiesPageTest" name="VerifyInterface_Import_Transaction_Utility" time="38.24"/>
  <testcase classname="com.app.qa.testcases.UtilitiesPageTest" name="VerifyJackpot_Lookup_Utility" time="37.897"/>
  <testcase classname="com.app.qa.testcases.UtilitiesPageTest" name="VerifyReason_Configuration_Utility" time="32.176"/>
  <testcase classname="com.app.qa.testcases.UtilitiesPageTest" name="VerifySort_Code_Configuration_Utility" time="32.598"/>
  <testcase classname="com.app.qa.testcases.UtilitiesPageTest" name="VerifyView_All_Machines_Utility" time="42.914"/>
  <testcase classname="com.app.qa.testcases.InboundPageTest" name="VerifyView_All_Putaway_Orders_Utility" time="31.012"/>
  <testcase classname="com.app.qa.testcases.OutboundPageTest" name="VerifyView_All_Pick_Orders_Utility" time="35.415"/>
  <testcase classname="com.app.qa.testcases.InventoryMaintenancePageTest" name="VerifyView_All_Containers_Utility" time="48.684"/>
  <testcase classname="com.app.qa.testcases.InventoryMaintenancePageTest" name="VerifyView_All_Cycle_Counts_Utility" time="32.9"/>
  <testcase classname="com.app.qa.testcases.InventoryMaintenancePageTest" name="VerifyView_All_Products_Utility" time="25.738"/>
  <testcase classname="com.app.qa.testcases.InventoryMaintenancePageTest" name="VerifyView_Inventory_by_Loc_Prod_and_Lot_Utility" time="25.639"/>
  <testcase classname="com.app.qa.testcases.InventoryMaintenancePageTest" name="VerifyView_Inventory_by_Loc_Utility" time="46.963"/>
  <testcase classname="com.app.qa.testcases.UsersandGroupsPageTest" name="VerifyView_All_Users_Utility" time="25.701"/>
  <testcase classname="com.app.qa.testcases.UsersandGroupsPageTest" name="VerifyView_All_Groups_Utility" time="0.0">
    <ignored/>
  </testcase> <!-- VerifyView_All_Groups_Utility -->
</testsuite> <!-- Test -->
