<?xml version="1.0" encoding="UTF-8"?>
<!-- Generated by org.testng.reporters.JUnitXMLReporter -->
<testsuite ignored="1" hostname="MKOKANE10A" failures="0" tests="27" name="Test" time="1186.16" errors="0" timestamp="2024-08-17T19:10:20 IST">
  <testcase classname="com.app.qa.testcases.LoginPageTest" name="loginTest" time="0.442"/>
  <testcase classname="com.app.qa.testcases.LoginPageTest" name="loginpagetitletest" time="0.009"/>
  <testcase classname="com.app.qa.testcases.HomePageTest" name="clickVerifyFavoritesPageLable" time="39.454"/>
  <testcase classname="com.app.qa.testcases.HomePageTest" name="verifyInboundPageLable" time="40.626"/>
  <testcase classname="com.app.qa.testcases.HomePageTest" name="verifyInventoryMaintainancePageLable" time="43.162"/>
  <testcase classname="com.app.qa.testcases.HomePageTest" name="verifyOutboundPageLable" time="34.605"/>
  <testcase classname="com.app.qa.testcases.HomePageTest" name="verifySelfserviceReportingPageLable" time="36.722"/>
  <testcase classname="com.app.qa.testcases.HomePageTest" name="verifyUsersandGroupsPageLable" time="37.389"/>
  <testcase classname="com.app.qa.testcases.HomePageTest" name="verifyUtilitiesPageLable" time="29.511"/>
  <testcase classname="com.app.qa.testcases.HomePageTest" name="verifytitlepageTest" time="0.017"/>
  <testcase classname="com.app.qa.testcases.UtilitiesPageTest" name="VerifyContainer_Lookup_Utility" time="29.676"/>
  <testcase classname="com.app.qa.testcases.UtilitiesPageTest" name="VerifyExacta_Journal_View_Utility" time="38.681"/>
  <testcase classname="com.app.qa.testcases.UtilitiesPageTest" name="VerifyExacta_Print_Utility_Utility" time="27.766"/>
  <testcase classname="com.app.qa.testcases.UtilitiesPageTest" name="VerifyInterface_Export_Transaction_Utility" time="23.327"/>
  <testcase classname="com.app.qa.testcases.UtilitiesPageTest" name="VerifyInterface_Import_Transaction_Utility" time="37.072"/>
  <testcase classname="com.app.qa.testcases.UtilitiesPageTest" name="VerifyJackpot_Lookup_Utility" time="47.984"/>
  <testcase classname="com.app.qa.testcases.UtilitiesPageTest" name="VerifyReason_Configuration_Utility" time="35.251"/>
  <testcase classname="com.app.qa.testcases.UtilitiesPageTest" name="VerifySort_Code_Configuration_Utility" time="32.763"/>
  <testcase classname="com.app.qa.testcases.UtilitiesPageTest" name="VerifyView_All_Machines_Utility" time="36.376"/>
  <testcase classname="com.app.qa.testcases.InboundPageTest" name="VerifyView_All_Putaway_Orders_Utility" time="24.26"/>
  <testcase classname="com.app.qa.testcases.OutboundPageTest" name="VerifyView_All_Pick_Orders_Utility" time="40.128"/>
  <testcase classname="com.app.qa.testcases.InventoryMaintenancePageTest" name="VerifyView_All_Containers_Utility" time="38.916"/>
  <testcase classname="com.app.qa.testcases.InventoryMaintenancePageTest" name="VerifyView_All_Cycle_Counts_Utility" time="28.342"/>
  <testcase classname="com.app.qa.testcases.InventoryMaintenancePageTest" name="VerifyView_All_Products_Utility" time="39.193"/>
  <testcase classname="com.app.qa.testcases.InventoryMaintenancePageTest" name="VerifyView_Inventory_by_Loc_Prod_and_Lot_Utility" time="35.09"/>
  <testcase classname="com.app.qa.testcases.InventoryMaintenancePageTest" name="VerifyView_Inventory_by_Loc_Utility" time="33.045"/>
  <testcase classname="com.app.qa.testcases.UsersandGroupsPageTest" name="VerifyView_All_Users_Utility" time="36.085"/>
  <testcase classname="com.app.qa.testcases.UsersandGroupsPageTest" name="VerifyView_All_Groups_Utility" time="0.0">
    <ignored/>
  </testcase> <!-- VerifyView_All_Groups_Utility -->
</testsuite> <!-- Test -->
