<?xml version="1.0" encoding="UTF-8"?>
<testng-results ignored="0" total="27" passed="27" failed="0" skipped="0">
  <reporter-output>
  </reporter-output>
  <suite started-at="2024-08-17T18:24:06 IST" name="Suite" finished-at="2024-08-17T18:44:27 IST" duration-ms="1221802">
    <groups>
    </groups>
    <test started-at="2024-08-17T18:24:06 IST" name="Test" finished-at="2024-08-17T18:44:27 IST" duration-ms="1221802">
      <class name="com.app.qa.testcases.InventoryMaintenancePageTest">
        <test-method is-config="true" signature="setup()[pri:0, instance:com.app.qa.testcases.InventoryMaintenancePageTest@6989da5e]" started-at="2024-08-17T18:39:40 IST" name="setup" finished-at="2024-08-17T18:39:50 IST" duration-ms="10608" status="PASS">
          <reporter-output>
          </reporter-output>
        </test-method> <!-- setup -->
        <test-method signature="VerifyView_All_Containers_Utility()[pri:0, instance:com.app.qa.testcases.InventoryMaintenancePageTest@6989da5e]" started-at="2024-08-17T18:39:50 IST" name="VerifyView_All_Containers_Utility" finished-at="2024-08-17T18:40:39 IST" duration-ms="48684" status="PASS">
          <reporter-output>
          </reporter-output>
        </test-method> <!-- VerifyView_All_Containers_Utility -->
        <test-method is-config="true" signature="teardown()[pri:0, instance:com.app.qa.testcases.InventoryMaintenancePageTest@6989da5e]" started-at="2024-08-17T18:40:39 IST" name="teardown" finished-at="2024-08-17T18:40:39 IST" duration-ms="149" status="PASS">
          <reporter-output>
          </reporter-output>
        </test-method> <!-- teardown -->
        <test-method is-config="true" signature="setup()[pri:0, instance:com.app.qa.testcases.InventoryMaintenancePageTest@6989da5e]" started-at="2024-08-17T18:40:39 IST" name="setup" finished-at="2024-08-17T18:40:50 IST" duration-ms="11148" status="PASS">
          <reporter-output>
          </reporter-output>
        </test-method> <!-- setup -->
        <test-method signature="VerifyView_All_Cycle_Counts_Utility()[pri:0, instance:com.app.qa.testcases.InventoryMaintenancePageTest@6989da5e]" started-at="2024-08-17T18:40:50 IST" name="VerifyView_All_Cycle_Counts_Utility" finished-at="2024-08-17T18:41:23 IST" duration-ms="32900" status="PASS">
          <reporter-output>
          </reporter-output>
        </test-method> <!-- VerifyView_All_Cycle_Counts_Utility -->
        <test-method is-config="true" signature="teardown()[pri:0, instance:com.app.qa.testcases.InventoryMaintenancePageTest@6989da5e]" started-at="2024-08-17T18:41:23 IST" name="teardown" finished-at="2024-08-17T18:41:23 IST" duration-ms="149" status="PASS">
          <reporter-output>
          </reporter-output>
        </test-method> <!-- teardown -->
        <test-method is-config="true" signature="setup()[pri:0, instance:com.app.qa.testcases.InventoryMaintenancePageTest@6989da5e]" started-at="2024-08-17T18:41:23 IST" name="setup" finished-at="2024-08-17T18:41:47 IST" duration-ms="23408" status="PASS">
          <reporter-output>
          </reporter-output>
        </test-method> <!-- setup -->
        <test-method signature="VerifyView_All_Products_Utility()[pri:0, instance:com.app.qa.testcases.InventoryMaintenancePageTest@6989da5e]" started-at="2024-08-17T18:41:47 IST" name="VerifyView_All_Products_Utility" finished-at="2024-08-17T18:42:12 IST" duration-ms="25738" status="PASS">
          <reporter-output>
          </reporter-output>
        </test-method> <!-- VerifyView_All_Products_Utility -->
        <test-method is-config="true" signature="teardown()[pri:0, instance:com.app.qa.testcases.InventoryMaintenancePageTest@6989da5e]" started-at="2024-08-17T18:42:12 IST" name="teardown" finished-at="2024-08-17T18:42:13 IST" duration-ms="170" status="PASS">
          <reporter-output>
          </reporter-output>
        </test-method> <!-- teardown -->
        <test-method is-config="true" signature="setup()[pri:0, instance:com.app.qa.testcases.InventoryMaintenancePageTest@6989da5e]" started-at="2024-08-17T18:42:13 IST" name="setup" finished-at="2024-08-17T18:42:24 IST" duration-ms="11688" status="PASS">
          <reporter-output>
          </reporter-output>
        </test-method> <!-- setup -->
        <test-method signature="VerifyView_Inventory_by_Loc_Prod_and_Lot_Utility()[pri:0, instance:com.app.qa.testcases.InventoryMaintenancePageTest@6989da5e]" started-at="2024-08-17T18:42:24 IST" name="VerifyView_Inventory_by_Loc_Prod_and_Lot_Utility" finished-at="2024-08-17T18:42:50 IST" duration-ms="25639" status="PASS">
          <reporter-output>
          </reporter-output>
        </test-method> <!-- VerifyView_Inventory_by_Loc_Prod_and_Lot_Utility -->
        <test-method is-config="true" signature="teardown()[pri:0, instance:com.app.qa.testcases.InventoryMaintenancePageTest@6989da5e]" started-at="2024-08-17T18:42:50 IST" name="teardown" finished-at="2024-08-17T18:42:50 IST" duration-ms="141" status="PASS">
          <reporter-output>
          </reporter-output>
        </test-method> <!-- teardown -->
        <test-method is-config="true" signature="setup()[pri:0, instance:com.app.qa.testcases.InventoryMaintenancePageTest@6989da5e]" started-at="2024-08-17T18:42:50 IST" name="setup" finished-at="2024-08-17T18:43:01 IST" duration-ms="11123" status="PASS">
          <reporter-output>
          </reporter-output>
        </test-method> <!-- setup -->
        <test-method signature="VerifyView_Inventory_by_Loc_Utility()[pri:0, instance:com.app.qa.testcases.InventoryMaintenancePageTest@6989da5e]" started-at="2024-08-17T18:43:01 IST" name="VerifyView_Inventory_by_Loc_Utility" finished-at="2024-08-17T18:43:48 IST" duration-ms="46963" status="PASS">
          <reporter-output>
          </reporter-output>
        </test-method> <!-- VerifyView_Inventory_by_Loc_Utility -->
        <test-method is-config="true" signature="teardown()[pri:0, instance:com.app.qa.testcases.InventoryMaintenancePageTest@6989da5e]" started-at="2024-08-17T18:43:48 IST" name="teardown" finished-at="2024-08-17T18:43:48 IST" duration-ms="140" status="PASS">
          <reporter-output>
          </reporter-output>
        </test-method> <!-- teardown -->
      </class> <!-- com.app.qa.testcases.InventoryMaintenancePageTest -->
      <class name="com.app.qa.testcases.UsersandGroupsPageTest">
        <test-method is-config="true" signature="setup()[pri:0, instance:com.app.qa.testcases.UsersandGroupsPageTest@385c9627]" started-at="2024-08-17T18:43:48 IST" name="setup" finished-at="2024-08-17T18:44:02 IST" duration-ms="13281" status="PASS">
          <reporter-output>
          </reporter-output>
        </test-method> <!-- setup -->
        <test-method signature="VerifyView_All_Users_Utility()[pri:0, instance:com.app.qa.testcases.UsersandGroupsPageTest@385c9627]" started-at="2024-08-17T18:44:02 IST" name="VerifyView_All_Users_Utility" finished-at="2024-08-17T18:44:27 IST" duration-ms="25701" status="PASS">
          <reporter-output>
          </reporter-output>
        </test-method> <!-- VerifyView_All_Users_Utility -->
        <test-method is-config="true" signature="teardown()[pri:0, instance:com.app.qa.testcases.UsersandGroupsPageTest@385c9627]" started-at="2024-08-17T18:44:27 IST" name="teardown" finished-at="2024-08-17T18:44:27 IST" duration-ms="133" status="PASS">
          <reporter-output>
          </reporter-output>
        </test-method> <!-- teardown -->
      </class> <!-- com.app.qa.testcases.UsersandGroupsPageTest -->
      <class name="com.app.qa.testcases.UtilitiesPageTest">
        <test-method is-config="true" signature="setup()[pri:0, instance:com.app.qa.testcases.UtilitiesPageTest@10683d9d]" started-at="2024-08-17T18:30:17 IST" name="setup" finished-at="2024-08-17T18:30:29 IST" duration-ms="12314" status="PASS">
          <reporter-output>
          </reporter-output>
        </test-method> <!-- setup -->
        <test-method signature="VerifyContainer_Lookup_Utility()[pri:0, instance:com.app.qa.testcases.UtilitiesPageTest@10683d9d]" started-at="2024-08-17T18:30:29 IST" name="VerifyContainer_Lookup_Utility" finished-at="2024-08-17T18:31:08 IST" duration-ms="39079" status="PASS">
          <reporter-output>
          </reporter-output>
        </test-method> <!-- VerifyContainer_Lookup_Utility -->
        <test-method is-config="true" signature="teardown()[pri:0, instance:com.app.qa.testcases.UtilitiesPageTest@10683d9d]" started-at="2024-08-17T18:31:08 IST" name="teardown" finished-at="2024-08-17T18:31:08 IST" duration-ms="168" status="PASS">
          <reporter-output>
          </reporter-output>
        </test-method> <!-- teardown -->
        <test-method is-config="true" signature="setup()[pri:0, instance:com.app.qa.testcases.UtilitiesPageTest@10683d9d]" started-at="2024-08-17T18:31:08 IST" name="setup" finished-at="2024-08-17T18:31:21 IST" duration-ms="12771" status="PASS">
          <reporter-output>
          </reporter-output>
        </test-method> <!-- setup -->
        <test-method signature="VerifyExacta_Journal_View_Utility()[pri:0, instance:com.app.qa.testcases.UtilitiesPageTest@10683d9d]" started-at="2024-08-17T18:31:21 IST" name="VerifyExacta_Journal_View_Utility" finished-at="2024-08-17T18:32:06 IST" duration-ms="45331" status="PASS">
          <reporter-output>
          </reporter-output>
        </test-method> <!-- VerifyExacta_Journal_View_Utility -->
        <test-method is-config="true" signature="teardown()[pri:0, instance:com.app.qa.testcases.UtilitiesPageTest@10683d9d]" started-at="2024-08-17T18:32:06 IST" name="teardown" finished-at="2024-08-17T18:32:06 IST" duration-ms="179" status="PASS">
          <reporter-output>
          </reporter-output>
        </test-method> <!-- teardown -->
        <test-method is-config="true" signature="setup()[pri:0, instance:com.app.qa.testcases.UtilitiesPageTest@10683d9d]" started-at="2024-08-17T18:32:06 IST" name="setup" finished-at="2024-08-17T18:32:23 IST" duration-ms="16403" status="PASS">
          <reporter-output>
          </reporter-output>
        </test-method> <!-- setup -->
        <test-method signature="VerifyExacta_Print_Utility_Utility()[pri:0, instance:com.app.qa.testcases.UtilitiesPageTest@10683d9d]" started-at="2024-08-17T18:32:23 IST" name="VerifyExacta_Print_Utility_Utility" finished-at="2024-08-17T18:32:56 IST" duration-ms="32651" status="PASS">
          <reporter-output>
          </reporter-output>
        </test-method> <!-- VerifyExacta_Print_Utility_Utility -->
        <test-method is-config="true" signature="teardown()[pri:0, instance:com.app.qa.testcases.UtilitiesPageTest@10683d9d]" started-at="2024-08-17T18:32:56 IST" name="teardown" finished-at="2024-08-17T18:32:56 IST" duration-ms="161" status="PASS">
          <reporter-output>
          </reporter-output>
        </test-method> <!-- teardown -->
        <test-method is-config="true" signature="setup()[pri:0, instance:com.app.qa.testcases.UtilitiesPageTest@10683d9d]" started-at="2024-08-17T18:32:56 IST" name="setup" finished-at="2024-08-17T18:33:11 IST" duration-ms="15413" status="PASS">
          <reporter-output>
          </reporter-output>
        </test-method> <!-- setup -->
        <test-method signature="VerifyInterface_Export_Transaction_Utility()[pri:0, instance:com.app.qa.testcases.UtilitiesPageTest@10683d9d]" started-at="2024-08-17T18:33:11 IST" name="VerifyInterface_Export_Transaction_Utility" finished-at="2024-08-17T18:33:47 IST" duration-ms="35932" status="PASS">
          <reporter-output>
          </reporter-output>
        </test-method> <!-- VerifyInterface_Export_Transaction_Utility -->
        <test-method is-config="true" signature="teardown()[pri:0, instance:com.app.qa.testcases.UtilitiesPageTest@10683d9d]" started-at="2024-08-17T18:33:47 IST" name="teardown" finished-at="2024-08-17T18:33:47 IST" duration-ms="137" status="PASS">
          <reporter-output>
          </reporter-output>
        </test-method> <!-- teardown -->
        <test-method is-config="true" signature="setup()[pri:0, instance:com.app.qa.testcases.UtilitiesPageTest@10683d9d]" started-at="2024-08-17T18:33:47 IST" name="setup" finished-at="2024-08-17T18:34:04 IST" duration-ms="16501" status="PASS">
          <reporter-output>
          </reporter-output>
        </test-method> <!-- setup -->
        <test-method signature="VerifyInterface_Import_Transaction_Utility()[pri:0, instance:com.app.qa.testcases.UtilitiesPageTest@10683d9d]" started-at="2024-08-17T18:34:04 IST" name="VerifyInterface_Import_Transaction_Utility" finished-at="2024-08-17T18:34:42 IST" duration-ms="38240" status="PASS">
          <reporter-output>
          </reporter-output>
        </test-method> <!-- VerifyInterface_Import_Transaction_Utility -->
        <test-method is-config="true" signature="teardown()[pri:0, instance:com.app.qa.testcases.UtilitiesPageTest@10683d9d]" started-at="2024-08-17T18:34:42 IST" name="teardown" finished-at="2024-08-17T18:34:42 IST" duration-ms="145" status="PASS">
          <reporter-output>
          </reporter-output>
        </test-method> <!-- teardown -->
        <test-method is-config="true" signature="setup()[pri:0, instance:com.app.qa.testcases.UtilitiesPageTest@10683d9d]" started-at="2024-08-17T18:34:42 IST" name="setup" finished-at="2024-08-17T18:34:57 IST" duration-ms="15302" status="PASS">
          <reporter-output>
          </reporter-output>
        </test-method> <!-- setup -->
        <test-method signature="VerifyJackpot_Lookup_Utility()[pri:0, instance:com.app.qa.testcases.UtilitiesPageTest@10683d9d]" started-at="2024-08-17T18:34:57 IST" name="VerifyJackpot_Lookup_Utility" finished-at="2024-08-17T18:35:35 IST" duration-ms="37897" status="PASS">
          <reporter-output>
          </reporter-output>
        </test-method> <!-- VerifyJackpot_Lookup_Utility -->
        <test-method is-config="true" signature="teardown()[pri:0, instance:com.app.qa.testcases.UtilitiesPageTest@10683d9d]" started-at="2024-08-17T18:35:35 IST" name="teardown" finished-at="2024-08-17T18:35:35 IST" duration-ms="129" status="PASS">
          <reporter-output>
          </reporter-output>
        </test-method> <!-- teardown -->
        <test-method is-config="true" signature="setup()[pri:0, instance:com.app.qa.testcases.UtilitiesPageTest@10683d9d]" started-at="2024-08-17T18:35:35 IST" name="setup" finished-at="2024-08-17T18:35:49 IST" duration-ms="14010" status="PASS">
          <reporter-output>
          </reporter-output>
        </test-method> <!-- setup -->
        <test-method signature="VerifyReason_Configuration_Utility()[pri:0, instance:com.app.qa.testcases.UtilitiesPageTest@10683d9d]" started-at="2024-08-17T18:35:49 IST" name="VerifyReason_Configuration_Utility" finished-at="2024-08-17T18:36:22 IST" duration-ms="32176" status="PASS">
          <reporter-output>
          </reporter-output>
        </test-method> <!-- VerifyReason_Configuration_Utility -->
        <test-method is-config="true" signature="teardown()[pri:0, instance:com.app.qa.testcases.UtilitiesPageTest@10683d9d]" started-at="2024-08-17T18:36:22 IST" name="teardown" finished-at="2024-08-17T18:36:22 IST" duration-ms="165" status="PASS">
          <reporter-output>
          </reporter-output>
        </test-method> <!-- teardown -->
        <test-method is-config="true" signature="setup()[pri:0, instance:com.app.qa.testcases.UtilitiesPageTest@10683d9d]" started-at="2024-08-17T18:36:22 IST" name="setup" finished-at="2024-08-17T18:36:33 IST" duration-ms="11669" status="PASS">
          <reporter-output>
          </reporter-output>
        </test-method> <!-- setup -->
        <test-method signature="VerifySort_Code_Configuration_Utility()[pri:0, instance:com.app.qa.testcases.UtilitiesPageTest@10683d9d]" started-at="2024-08-17T18:36:33 IST" name="VerifySort_Code_Configuration_Utility" finished-at="2024-08-17T18:37:06 IST" duration-ms="32598" status="PASS">
          <reporter-output>
          </reporter-output>
        </test-method> <!-- VerifySort_Code_Configuration_Utility -->
        <test-method is-config="true" signature="teardown()[pri:0, instance:com.app.qa.testcases.UtilitiesPageTest@10683d9d]" started-at="2024-08-17T18:37:06 IST" name="teardown" finished-at="2024-08-17T18:37:06 IST" duration-ms="163" status="PASS">
          <reporter-output>
          </reporter-output>
        </test-method> <!-- teardown -->
        <test-method is-config="true" signature="setup()[pri:0, instance:com.app.qa.testcases.UtilitiesPageTest@10683d9d]" started-at="2024-08-17T18:37:06 IST" name="setup" finished-at="2024-08-17T18:37:22 IST" duration-ms="15583" status="PASS">
          <reporter-output>
          </reporter-output>
        </test-method> <!-- setup -->
        <test-method signature="VerifyView_All_Machines_Utility()[pri:0, instance:com.app.qa.testcases.UtilitiesPageTest@10683d9d]" started-at="2024-08-17T18:37:22 IST" name="VerifyView_All_Machines_Utility" finished-at="2024-08-17T18:38:05 IST" duration-ms="42914" status="PASS">
          <reporter-output>
          </reporter-output>
        </test-method> <!-- VerifyView_All_Machines_Utility -->
        <test-method is-config="true" signature="teardown()[pri:0, instance:com.app.qa.testcases.UtilitiesPageTest@10683d9d]" started-at="2024-08-17T18:38:05 IST" name="teardown" finished-at="2024-08-17T18:38:05 IST" duration-ms="133" status="PASS">
          <reporter-output>
          </reporter-output>
        </test-method> <!-- teardown -->
      </class> <!-- com.app.qa.testcases.UtilitiesPageTest -->
      <class name="com.app.qa.testcases.InboundPageTest">
        <test-method is-config="true" signature="setup()[pri:0, instance:com.app.qa.testcases.InboundPageTest@3fc2959f]" started-at="2024-08-17T18:38:05 IST" name="setup" finished-at="2024-08-17T18:38:16 IST" duration-ms="11420" status="PASS">
          <reporter-output>
          </reporter-output>
        </test-method> <!-- setup -->
        <test-method signature="VerifyView_All_Putaway_Orders_Utility()[pri:0, instance:com.app.qa.testcases.InboundPageTest@3fc2959f]" started-at="2024-08-17T18:38:16 IST" name="VerifyView_All_Putaway_Orders_Utility" finished-at="2024-08-17T18:38:47 IST" duration-ms="31012" status="PASS">
          <reporter-output>
          </reporter-output>
        </test-method> <!-- VerifyView_All_Putaway_Orders_Utility -->
        <test-method is-config="true" signature="teardown()[pri:0, instance:com.app.qa.testcases.InboundPageTest@3fc2959f]" started-at="2024-08-17T18:38:47 IST" name="teardown" finished-at="2024-08-17T18:38:47 IST" duration-ms="176" status="PASS">
          <reporter-output>
          </reporter-output>
        </test-method> <!-- teardown -->
      </class> <!-- com.app.qa.testcases.InboundPageTest -->
      <class name="com.app.qa.testcases.LoginPageTest">
        <test-method is-config="true" signature="setup()[pri:0, instance:com.app.qa.testcases.LoginPageTest@7b98f307]" started-at="2024-08-17T18:24:06 IST" name="setup" finished-at="2024-08-17T18:24:26 IST" duration-ms="20078" status="PASS">
          <reporter-output>
          </reporter-output>
        </test-method> <!-- setup -->
        <test-method signature="loginTest()[pri:0, instance:com.app.qa.testcases.LoginPageTest@7b98f307]" started-at="2024-08-17T18:24:26 IST" name="loginTest" finished-at="2024-08-17T18:24:26 IST" duration-ms="438" status="PASS">
          <reporter-output>
          </reporter-output>
        </test-method> <!-- loginTest -->
        <test-method is-config="true" signature="teardown()[pri:0, instance:com.app.qa.testcases.LoginPageTest@7b98f307]" started-at="2024-08-17T18:24:26 IST" name="teardown" finished-at="2024-08-17T18:24:26 IST" duration-ms="213" status="PASS">
          <reporter-output>
          </reporter-output>
        </test-method> <!-- teardown -->
        <test-method is-config="true" signature="setup()[pri:0, instance:com.app.qa.testcases.LoginPageTest@7b98f307]" started-at="2024-08-17T18:24:26 IST" name="setup" finished-at="2024-08-17T18:25:02 IST" duration-ms="35309" status="PASS">
          <reporter-output>
          </reporter-output>
        </test-method> <!-- setup -->
        <test-method signature="loginpagetitletest()[pri:0, instance:com.app.qa.testcases.LoginPageTest@7b98f307]" started-at="2024-08-17T18:25:02 IST" name="loginpagetitletest" finished-at="2024-08-17T18:25:02 IST" duration-ms="18" status="PASS">
          <reporter-output>
          </reporter-output>
        </test-method> <!-- loginpagetitletest -->
        <test-method is-config="true" signature="teardown()[pri:0, instance:com.app.qa.testcases.LoginPageTest@7b98f307]" started-at="2024-08-17T18:25:02 IST" name="teardown" finished-at="2024-08-17T18:25:02 IST" duration-ms="126" status="PASS">
          <reporter-output>
          </reporter-output>
        </test-method> <!-- teardown -->
      </class> <!-- com.app.qa.testcases.LoginPageTest -->
      <class name="com.app.qa.testcases.HomePageTest">
        <test-method is-config="true" signature="setup()[pri:0, instance:com.app.qa.testcases.HomePageTest@1f2586d6]" started-at="2024-08-17T18:25:02 IST" name="setup" finished-at="2024-08-17T18:25:13 IST" duration-ms="11282" status="PASS">
          <reporter-output>
          </reporter-output>
        </test-method> <!-- setup -->
        <test-method signature="clickVerifyFavoritesPageLable()[pri:0, instance:com.app.qa.testcases.HomePageTest@1f2586d6]" started-at="2024-08-17T18:25:13 IST" name="clickVerifyFavoritesPageLable" finished-at="2024-08-17T18:25:40 IST" duration-ms="26649" status="PASS">
          <reporter-output>
          </reporter-output>
        </test-method> <!-- clickVerifyFavoritesPageLable -->
        <test-method is-config="true" signature="teardown()[pri:0, instance:com.app.qa.testcases.HomePageTest@1f2586d6]" started-at="2024-08-17T18:25:40 IST" name="teardown" finished-at="2024-08-17T18:25:40 IST" duration-ms="162" status="PASS">
          <reporter-output>
          </reporter-output>
        </test-method> <!-- teardown -->
        <test-method is-config="true" signature="setup()[pri:0, instance:com.app.qa.testcases.HomePageTest@1f2586d6]" started-at="2024-08-17T18:25:40 IST" name="setup" finished-at="2024-08-17T18:25:51 IST" duration-ms="11080" status="PASS">
          <reporter-output>
          </reporter-output>
        </test-method> <!-- setup -->
        <test-method signature="verifyInboundPageLable()[pri:0, instance:com.app.qa.testcases.HomePageTest@1f2586d6]" started-at="2024-08-17T18:25:51 IST" name="verifyInboundPageLable" finished-at="2024-08-17T18:26:23 IST" duration-ms="32510" status="PASS">
          <reporter-output>
          </reporter-output>
        </test-method> <!-- verifyInboundPageLable -->
        <test-method is-config="true" signature="teardown()[pri:0, instance:com.app.qa.testcases.HomePageTest@1f2586d6]" started-at="2024-08-17T18:26:23 IST" name="teardown" finished-at="2024-08-17T18:26:24 IST" duration-ms="142" status="PASS">
          <reporter-output>
          </reporter-output>
        </test-method> <!-- teardown -->
        <test-method is-config="true" signature="setup()[pri:0, instance:com.app.qa.testcases.HomePageTest@1f2586d6]" started-at="2024-08-17T18:26:24 IST" name="setup" finished-at="2024-08-17T18:26:41 IST" duration-ms="17306" status="PASS">
          <reporter-output>
          </reporter-output>
        </test-method> <!-- setup -->
        <test-method signature="verifyInventoryMaintainancePageLable()[pri:0, instance:com.app.qa.testcases.HomePageTest@1f2586d6]" started-at="2024-08-17T18:26:41 IST" name="verifyInventoryMaintainancePageLable" finished-at="2024-08-17T18:27:06 IST" duration-ms="24830" status="PASS">
          <reporter-output>
          </reporter-output>
        </test-method> <!-- verifyInventoryMaintainancePageLable -->
        <test-method is-config="true" signature="teardown()[pri:0, instance:com.app.qa.testcases.HomePageTest@1f2586d6]" started-at="2024-08-17T18:27:06 IST" name="teardown" finished-at="2024-08-17T18:27:06 IST" duration-ms="177" status="PASS">
          <reporter-output>
          </reporter-output>
        </test-method> <!-- teardown -->
        <test-method is-config="true" signature="setup()[pri:0, instance:com.app.qa.testcases.HomePageTest@1f2586d6]" started-at="2024-08-17T18:27:06 IST" name="setup" finished-at="2024-08-17T18:27:17 IST" duration-ms="10568" status="PASS">
          <reporter-output>
          </reporter-output>
        </test-method> <!-- setup -->
        <test-method signature="verifyOutboundPageLable()[pri:0, instance:com.app.qa.testcases.HomePageTest@1f2586d6]" started-at="2024-08-17T18:27:17 IST" name="verifyOutboundPageLable" finished-at="2024-08-17T18:27:46 IST" duration-ms="29415" status="PASS">
          <reporter-output>
          </reporter-output>
        </test-method> <!-- verifyOutboundPageLable -->
        <test-method is-config="true" signature="teardown()[pri:0, instance:com.app.qa.testcases.HomePageTest@1f2586d6]" started-at="2024-08-17T18:27:46 IST" name="teardown" finished-at="2024-08-17T18:27:46 IST" duration-ms="147" status="PASS">
          <reporter-output>
          </reporter-output>
        </test-method> <!-- teardown -->
        <test-method is-config="true" signature="setup()[pri:0, instance:com.app.qa.testcases.HomePageTest@1f2586d6]" started-at="2024-08-17T18:27:46 IST" name="setup" finished-at="2024-08-17T18:27:57 IST" duration-ms="10901" status="PASS">
          <reporter-output>
          </reporter-output>
        </test-method> <!-- setup -->
        <test-method signature="verifySelfserviceReportingPageLable()[pri:0, instance:com.app.qa.testcases.HomePageTest@1f2586d6]" started-at="2024-08-17T18:27:57 IST" name="verifySelfserviceReportingPageLable" finished-at="2024-08-17T18:28:42 IST" duration-ms="45492" status="PASS">
          <reporter-output>
          </reporter-output>
        </test-method> <!-- verifySelfserviceReportingPageLable -->
        <test-method is-config="true" signature="teardown()[pri:0, instance:com.app.qa.testcases.HomePageTest@1f2586d6]" started-at="2024-08-17T18:28:42 IST" name="teardown" finished-at="2024-08-17T18:28:43 IST" duration-ms="145" status="PASS">
          <reporter-output>
          </reporter-output>
        </test-method> <!-- teardown -->
        <test-method is-config="true" signature="setup()[pri:0, instance:com.app.qa.testcases.HomePageTest@1f2586d6]" started-at="2024-08-17T18:28:43 IST" name="setup" finished-at="2024-08-17T18:28:54 IST" duration-ms="11035" status="PASS">
          <reporter-output>
          </reporter-output>
        </test-method> <!-- setup -->
        <test-method signature="verifyUsersandGroupsPageLable()[pri:0, instance:com.app.qa.testcases.HomePageTest@1f2586d6]" started-at="2024-08-17T18:28:54 IST" name="verifyUsersandGroupsPageLable" finished-at="2024-08-17T18:29:19 IST" duration-ms="25079" status="PASS">
          <reporter-output>
          </reporter-output>
        </test-method> <!-- verifyUsersandGroupsPageLable -->
        <test-method is-config="true" signature="teardown()[pri:0, instance:com.app.qa.testcases.HomePageTest@1f2586d6]" started-at="2024-08-17T18:29:19 IST" name="teardown" finished-at="2024-08-17T18:29:19 IST" duration-ms="169" status="PASS">
          <reporter-output>
          </reporter-output>
        </test-method> <!-- teardown -->
        <test-method is-config="true" signature="setup()[pri:0, instance:com.app.qa.testcases.HomePageTest@1f2586d6]" started-at="2024-08-17T18:29:19 IST" name="setup" finished-at="2024-08-17T18:29:28 IST" duration-ms="9292" status="PASS">
          <reporter-output>
          </reporter-output>
        </test-method> <!-- setup -->
        <test-method signature="verifyUtilitiesPageLable()[pri:0, instance:com.app.qa.testcases.HomePageTest@1f2586d6]" started-at="2024-08-17T18:29:28 IST" name="verifyUtilitiesPageLable" finished-at="2024-08-17T18:29:55 IST" duration-ms="27129" status="PASS">
          <reporter-output>
          </reporter-output>
        </test-method> <!-- verifyUtilitiesPageLable -->
        <test-method is-config="true" signature="teardown()[pri:0, instance:com.app.qa.testcases.HomePageTest@1f2586d6]" started-at="2024-08-17T18:29:55 IST" name="teardown" finished-at="2024-08-17T18:29:56 IST" duration-ms="170" status="PASS">
          <reporter-output>
          </reporter-output>
        </test-method> <!-- teardown -->
        <test-method is-config="true" signature="setup()[pri:0, instance:com.app.qa.testcases.HomePageTest@1f2586d6]" started-at="2024-08-17T18:29:56 IST" name="setup" finished-at="2024-08-17T18:30:16 IST" duration-ms="20884" status="PASS">
          <reporter-output>
          </reporter-output>
        </test-method> <!-- setup -->
        <test-method signature="verifytitlepageTest()[pri:0, instance:com.app.qa.testcases.HomePageTest@1f2586d6]" started-at="2024-08-17T18:30:16 IST" name="verifytitlepageTest" finished-at="2024-08-17T18:30:16 IST" duration-ms="30" status="PASS">
          <reporter-output>
          </reporter-output>
        </test-method> <!-- verifytitlepageTest -->
        <test-method is-config="true" signature="teardown()[pri:0, instance:com.app.qa.testcases.HomePageTest@1f2586d6]" started-at="2024-08-17T18:30:16 IST" name="teardown" finished-at="2024-08-17T18:30:17 IST" duration-ms="182" status="PASS">
          <reporter-output>
          </reporter-output>
        </test-method> <!-- teardown -->
      </class> <!-- com.app.qa.testcases.HomePageTest -->
      <class name="com.app.qa.testcases.OutboundPageTest">
        <test-method is-config="true" signature="setup()[pri:0, instance:com.app.qa.testcases.OutboundPageTest@5aa9e4eb]" started-at="2024-08-17T18:38:47 IST" name="setup" finished-at="2024-08-17T18:39:04 IST" duration-ms="16633" status="PASS">
          <reporter-output>
          </reporter-output>
        </test-method> <!-- setup -->
        <test-method signature="VerifyView_All_Pick_Orders_Utility()[pri:0, instance:com.app.qa.testcases.OutboundPageTest@5aa9e4eb]" started-at="2024-08-17T18:39:04 IST" name="VerifyView_All_Pick_Orders_Utility" finished-at="2024-08-17T18:39:39 IST" duration-ms="35415" status="PASS">
          <reporter-output>
          </reporter-output>
        </test-method> <!-- VerifyView_All_Pick_Orders_Utility -->
        <test-method is-config="true" signature="teardown()[pri:0, instance:com.app.qa.testcases.OutboundPageTest@5aa9e4eb]" started-at="2024-08-17T18:39:39 IST" name="teardown" finished-at="2024-08-17T18:39:40 IST" duration-ms="134" status="PASS">
          <reporter-output>
          </reporter-output>
        </test-method> <!-- teardown -->
      </class> <!-- com.app.qa.testcases.OutboundPageTest -->
    </test> <!-- Test -->
  </suite> <!-- Suite -->
</testng-results>
